SF:lib/src/core/network/network_exception.dart
DA:10,2
DA:11,2
DA:12,2
DA:13,0
DA:16,2
DA:17,0
DA:20,2
DA:21,0
DA:24,2
DA:25,0
DA:28,2
DA:29,0
DA:30,0
DA:33,0
DA:37,2
DA:38,0
DA:41,2
DA:42,0
DA:45,2
DA:46,2
DA:49,2
DA:54,1
DA:55,2
LF:23
LH:14
end_of_record
SF:lib/src/data/models/movie/movie_model.dart
DA:10,3
DA:25,4
DA:53,0
DA:55,0
DA:56,0
DA:57,0
DA:58,0
DA:59,0
DA:60,0
DA:61,0
DA:62,0
DA:63,0
DA:64,0
DA:65,0
DA:66,0
DA:67,0
DA:71,4
DA:72,2
DA:73,2
DA:74,2
DA:75,2
DA:76,2
DA:77,2
DA:78,2
DA:79,2
DA:80,2
DA:81,2
DA:82,2
DA:83,2
DA:86,0
LF:30
LH:15
end_of_record
SF:lib/src/data/models/movie/movie_model.g.dart
DA:9,4
DA:10,2
DA:11,2
DA:12,2
DA:13,2
DA:14,2
DA:15,2
DA:16,4
DA:17,2
DA:18,2
DA:20,4
DA:21,2
DA:22,4
DA:23,2
DA:26,0
DA:27,0
DA:28,0
DA:29,0
DA:30,0
DA:31,0
DA:32,0
DA:33,0
DA:34,0
DA:35,0
DA:36,0
DA:37,0
DA:38,0
DA:39,0
LF:28
LH:14
end_of_record
SF:lib/src/data/models/movie_listings_model/movie_listings_model.dart
DA:18,3
DA:25,2
DA:26,2
DA:29,4
DA:30,2
DA:31,10
DA:32,2
DA:33,2
DA:36,0
DA:38,0
DA:39,0
LF:11
LH:8
end_of_record
SF:lib/src/data/models/movie_listings_model/movie_listings_model.g.dart
DA:9,2
DA:10,2
DA:11,2
DA:12,2
DA:13,6
DA:14,2
DA:15,2
DA:16,2
DA:19,0
DA:20,0
DA:21,0
DA:22,0
DA:23,0
DA:24,0
LF:14
LH:8
end_of_record
SF:lib/src/domain/entities/movie/movie.dart
DA:17,2
DA:32,2
DA:33,2
DA:34,2
DA:35,2
DA:36,2
DA:37,2
DA:38,2
DA:39,2
DA:40,2
DA:41,2
DA:42,2
DA:43,2
DA:44,2
DA:45,2
LF:15
LH:15
end_of_record
SF:lib/src/domain/entities/movie_listings/movie_listings.dart
DA:11,3
DA:18,1
DA:19,1
DA:20,1
DA:21,1
DA:22,1
DA:23,1
LF:7
LH:7
end_of_record
SF:lib/src/domain/usecases/usecase.dart
DA:11,1
DA:13,1
DA:14,2
LF:3
LH:3
end_of_record
SF:lib/src/core/network/error_model/error_model.dart
DA:13,0
DA:15,0
DA:16,0
DA:19,0
DA:21,0
DA:22,0
LF:6
LH:0
end_of_record
SF:lib/src/core/network/error_model/error_model.g.dart
DA:9,0
DA:10,0
DA:11,0
DA:14,0
DA:15,0
DA:16,0
DA:17,0
LF:7
LH:0
end_of_record
SF:lib/src/presentation/bloc/search_movie/search_movie_state.dart
DA:4,6
DA:6,1
DA:7,1
DA:11,5
DA:15,5
DA:19,6
DA:22,1
DA:23,2
DA:27,5
DA:30,1
DA:31,2
DA:35,1
DA:38,1
DA:39,2
LF:14
LH:14
end_of_record
SF:lib/src/presentation/bloc/search_movie/search_movie_event.dart
DA:5,1
DA:7,0
DA:8,0
DA:13,1
DA:15,0
DA:16,0
DA:21,0
DA:23,0
DA:24,0
LF:9
LH:2
end_of_record
SF:lib/src/presentation/bloc/search_movie/search_movie_bloc.dart
DA:15,2
DA:16,1
DA:17,1
DA:18,3
DA:20,1
DA:21,1
DA:25,1
DA:29,1
DA:30,2
DA:32,1
DA:34,3
DA:36,2
DA:37,3
DA:38,1
DA:39,2
DA:40,1
DA:42,2
DA:43,2
DA:45,3
DA:46,0
DA:49,3
DA:53,0
DA:54,0
DA:58,0
DA:62,0
DA:66,0
DA:68,0
DA:69,0
DA:70,0
DA:71,0
DA:72,0
DA:75,0
DA:76,0
DA:78,0
DA:82,0
DA:83,0
LF:36
LH:20
end_of_record
